Using pre-set license
Built from '2020.3/staging' branch; Version is '2020.3.6f1 (338bb68529b2) revision 3378102'; Using compiler version '192528614'; Build Type 'Release'
OS: 'Windows 10 Home Single Language; OS build 18363.1556; Version 1909; 64bit' Language: 'en' Physical Memory: 8046 MB
BatchMode: 1, IsHumanControllingUs: 0, StartBugReporterOnCrash: 0, Is64bit: 1, IsPro: 0

 COMMAND LINE ARGUMENTS:
D:\unity\install\2020.3.6fi\Unity\Editor\Unity.exe
-adb2
-batchMode
-noUpm
-name
AssetImportWorker0
-projectPath
D:/unity/install/Modul 2 Movement dan Gravitasi
-logFile
Logs/AssetImportWorker0.log
-srvPort
51006
Successfully changed project path to: D:/unity/install/Modul 2 Movement dan Gravitasi
D:/unity/install/Modul 2 Movement dan Gravitasi
Using Asset Import Pipeline V2.
Refreshing native plugins compatible for Editor in 54.70 ms, found 0 plugins.
Preloading 0 native plugins for Editor in 0.00 ms.
Initialize engine version: 2020.3.6f1 (338bb68529b2)
[Subsystems] Discovering subsystems at path D:/unity/install/2020.3.6fi/Unity/Editor/Data/Resources/UnitySubsystems
[Subsystems] Discovering subsystems at path D:/unity/install/Modul 2 Movement dan Gravitasi/Assets
GfxDevice: creating device client; threaded=0
Direct3D:
    Version:  Direct3D 11.0 [level 11.1]
    Renderer: Intel(R) UHD Graphics 630 (ID=0x3e9b)
    Vendor:   
    VRAM:     4023 MB
    Driver:   25.20.100.6446
Initialize mono
Mono path[0] = 'D:/unity/install/2020.3.6fi/Unity/Editor/Data/Managed'
Mono path[1] = 'D:/unity/install/2020.3.6fi/Unity/Editor/Data/MonoBleedingEdge/lib/mono/unityjit'
Mono config path = 'D:/unity/install/2020.3.6fi/Unity/Editor/Data/MonoBleedingEdge/etc'
Using monoOptions --debugger-agent=transport=dt_socket,embedding=1,server=y,suspend=n,address=127.0.0.1:56104
Begin MonoManager ReloadAssembly
Registering precompiled unity dll's ...
Register platform support module: D:/unity/install/2020.3.6fi/Unity/Editor/Data/PlaybackEngines/WindowsStandaloneSupport/UnityEditor.WindowsStandalone.Extensions.dll
Registered in 0.001557 seconds.
Native extension for WindowsStandalone target not found
Refreshing native plugins compatible for Editor in 42.48 ms, found 0 plugins.
Preloading 0 native plugins for Editor in 0.00 ms.
Mono: successfully reloaded assembly
- Completed reload, in  2.331 seconds
Platform modules already initialized, skipping
Registering precompiled user dll's ...
Registered in 0.000567 seconds.
Begin MonoManager ReloadAssembly
Native extension for WindowsStandalone target not found
Refreshing native plugins compatible for Editor in 0.40 ms, found 0 plugins.
Preloading 0 native plugins for Editor in 0.00 ms.
Mono: successfully reloaded assembly
- Completed reload, in  4.332 seconds
Platform modules already initialized, skipping
========================================================================
Worker process is ready to serve import requests
Launched and connected shader compiler UnityShaderCompiler.exe after 0.07 seconds
Refreshing native plugins compatible for Editor in 0.24 ms, found 0 plugins.
Preloading 0 native plugins for Editor in 0.00 ms.
Unloading 1115 Unused Serialized files (Serialized files now loaded: 0)
System memory in use before: 69.1 MB.
System memory in use after: 69.2 MB.

Unloading 10 unused Assets to reduce memory usage. Loaded Objects now: 1571.
Total: 5.816800 ms (FindLiveObjects: 0.249200 ms CreateObjectMapping: 0.048500 ms MarkObjects: 5.340100 ms  DeleteObjects: 0.176800 ms)

========================================================================
Received Import Request.
  path: Assets/New Terrain.asset
  artifactKey: Guid(fe04801fb6d590c48b23cf51e5f76c5f) Importer(815301076,1909f56bfc062723c751e8b465ee728b)
Start importing Assets/New Terrain.asset using Guid(fe04801fb6d590c48b23cf51e5f76c5f) Importer(815301076,1909f56bfc062723c751e8b465ee728b)  -> (artifact id: '18aa2a0b446fd4d2e8d0630db42eea69') in 0.184275 seconds
  Import took 0.219001 seconds .

========================================================================
Received Import Request.
  Time since last request: 294.420473 seconds.
  path: Assets
  artifactKey: Guid(00000000000000001000000000000000) Importer(815301076,1909f56bfc062723c751e8b465ee728b)
Start importing Assets using Guid(00000000000000001000000000000000) Importer(815301076,1909f56bfc062723c751e8b465ee728b)  -> (artifact id: '2c602d4445bd9e0e517b9a7c882a2249') in 0.005416 seconds
  Import took 1.641444 seconds .

========================================================================
Received Import Request.
  Time since last request: 9.868436 seconds.
  path: Assets/Script
  artifactKey: Guid(c3989ef41ebef85498c3218622935559) Importer(815301076,1909f56bfc062723c751e8b465ee728b)
Start importing Assets/Script using Guid(c3989ef41ebef85498c3218622935559) Importer(815301076,1909f56bfc062723c751e8b465ee728b)  -> (artifact id: '966a321ac9da8a171e78dea929538611') in 0.005821 seconds
  Import took 0.010740 seconds .

========================================================================
Received Import Request.
  Time since last request: 16.747967 seconds.
  path: Assets/Script/gerak_Player.cs
  artifactKey: Guid(c1588141d4f98c1468f16dab112eb208) Importer(815301076,1909f56bfc062723c751e8b465ee728b)
Start importing Assets/Script/gerak_Player.cs using Guid(c1588141d4f98c1468f16dab112eb208) Importer(815301076,1909f56bfc062723c751e8b465ee728b)  -> (artifact id: '380aabb85ad6512e8323b0be3e3b612a') in 0.102384 seconds
  Import took 0.130480 seconds .

========================================================================
Received Prepare
Registering precompiled user dll's ...
Registered in 0.001739 seconds.
Begin MonoManager ReloadAssembly
Native extension for WindowsStandalone target not found
Refreshing native plugins compatible for Editor in 0.38 ms, found 0 plugins.
Preloading 0 native plugins for Editor in 0.00 ms.
Mono: successfully reloaded assembly
- Completed reload, in  1.515 seconds
Platform modules already initialized, skipping
Refreshing native plugins compatible for Editor in 0.40 ms, found 0 plugins.
Preloading 0 native plugins for Editor in 0.00 ms.
Unloading 1111 Unused Serialized files (Serialized files now loaded: 0)
System memory in use before: 69.1 MB.
System memory in use after: 69.2 MB.

Unloading 5 unused Assets to reduce memory usage. Loaded Objects now: 1575.
Total: 5.534600 ms (FindLiveObjects: 0.513100 ms CreateObjectMapping: 0.150100 ms MarkObjects: 4.785200 ms  DeleteObjects: 0.083800 ms)

========================================================================
Received Import Request.
  Time since last request: 922.462797 seconds.
  path: Assets/Script/gerak_Player.cs
  artifactKey: Guid(c1588141d4f98c1468f16dab112eb208) Importer(815301076,1909f56bfc062723c751e8b465ee728b)
Start importing Assets/Script/gerak_Player.cs using Guid(c1588141d4f98c1468f16dab112eb208) Importer(815301076,1909f56bfc062723c751e8b465ee728b)  -> (artifact id: '4f658f030af0be81a03d6d8246b8f46c') in 0.006339 seconds
  Import took 0.027193 seconds .

========================================================================
Received Prepare
Registering precompiled user dll's ...
Registered in 0.000730 seconds.
Begin MonoManager ReloadAssembly
Native extension for WindowsStandalone target not found
Refreshing native plugins compatible for Editor in 0.23 ms, found 0 plugins.
Preloading 0 native plugins for Editor in 0.00 ms.
Mono: successfully reloaded assembly
- Completed reload, in  1.274 seconds
Platform modules already initialized, skipping
Refreshing native plugins compatible for Editor in 0.25 ms, found 0 plugins.
Preloading 0 native plugins for Editor in 0.00 ms.
Unloading 1111 Unused Serialized files (Serialized files now loaded: 0)
System memory in use before: 69.1 MB.
System memory in use after: 69.2 MB.

Unloading 5 unused Assets to reduce memory usage. Loaded Objects now: 1578.
Total: 1.806300 ms (FindLiveObjects: 0.159900 ms CreateObjectMapping: 0.043600 ms MarkObjects: 1.528300 ms  DeleteObjects: 0.072700 ms)

========================================================================
Received Prepare
Registering precompiled user dll's ...
Registered in 0.004989 seconds.
Begin MonoManager ReloadAssembly
Native extension for WindowsStandalone target not found
Refreshing native plugins compatible for Editor in 3.96 ms, found 0 plugins.
Preloading 0 native plugins for Editor in 0.00 ms.
Mono: successfully reloaded assembly
- Completed reload, in  5.306 seconds
Platform modules already initialized, skipping
Refreshing native plugins compatible for Editor in 0.86 ms, found 0 plugins.
Preloading 0 native plugins for Editor in 0.00 ms.
Unloading 1111 Unused Serialized files (Serialized files now loaded: 0)
System memory in use before: 69.1 MB.
System memory in use after: 69.2 MB.

Unloading 5 unused Assets to reduce memory usage. Loaded Objects now: 1581.
Total: 8.138900 ms (FindLiveObjects: 0.676500 ms CreateObjectMapping: 0.161400 ms MarkObjects: 7.012500 ms  DeleteObjects: 0.276100 ms)

========================================================================
Received Prepare
Registering precompiled user dll's ...
Registered in 0.005887 seconds.
Begin MonoManager ReloadAssembly
Native extension for WindowsStandalone target not found
Refreshing native plugins compatible for Editor in 0.99 ms, found 0 plugins.
Preloading 0 native plugins for Editor in 0.00 ms.
Mono: successfully reloaded assembly
- Completed reload, in  2.343 seconds
Platform modules already initialized, skipping
Refreshing native plugins compatible for Editor in 1.72 ms, found 0 plugins.
Preloading 0 native plugins for Editor in 0.00 ms.
Unloading 1111 Unused Serialized files (Serialized files now loaded: 0)
System memory in use before: 69.0 MB.
System memory in use after: 69.1 MB.

Unloading 5 unused Assets to reduce memory usage. Loaded Objects now: 1584.
Total: 7.874300 ms (FindLiveObjects: 1.029600 ms CreateObjectMapping: 0.243800 ms MarkObjects: 6.428400 ms  DeleteObjects: 0.167800 ms)

========================================================================
Received Import Request.
  Time since last request: 3481.146828 seconds.
  path: Assets/Script/gerak_Player.cs
  artifactKey: Guid(c1588141d4f98c1468f16dab112eb208) Importer(815301076,1909f56bfc062723c751e8b465ee728b)
Start importing Assets/Script/gerak_Player.cs using Guid(c1588141d4f98c1468f16dab112eb208) Importer(815301076,1909f56bfc062723c751e8b465ee728b)  -> (artifact id: '6cc8f7c23ac531901249560e1ebfe8a4') in 0.013365 seconds
  Import took 0.021125 seconds .

========================================================================
Received Import Request.
  Time since last request: 80.247543 seconds.
  path: Assets/Script/gerak_Player.cs
  artifactKey: Guid(c1588141d4f98c1468f16dab112eb208) Importer(815301076,1909f56bfc062723c751e8b465ee728b)
Start importing Assets/Script/gerak_Player.cs using Guid(c1588141d4f98c1468f16dab112eb208) Importer(815301076,1909f56bfc062723c751e8b465ee728b)  -> (artifact id: '816fe1dd75910ee50a298db8e1967a11') in 0.003593 seconds
  Import took 0.010255 seconds .

========================================================================
Received Import Request.
  Time since last request: 84.858857 seconds.
  path: Assets/Script/gerak_Player.cs
  artifactKey: Guid(c1588141d4f98c1468f16dab112eb208) Importer(815301076,1909f56bfc062723c751e8b465ee728b)
Start importing Assets/Script/gerak_Player.cs using Guid(c1588141d4f98c1468f16dab112eb208) Importer(815301076,1909f56bfc062723c751e8b465ee728b)  -> (artifact id: 'fe31b21d92b197a46775e912a62a4c07') in 0.007794 seconds
  Import took 0.031458 seconds .

========================================================================
Received Import Request.
  Time since last request: 28.791808 seconds.
  path: Assets/Script/gerak_Player.cs
  artifactKey: Guid(c1588141d4f98c1468f16dab112eb208) Importer(815301076,1909f56bfc062723c751e8b465ee728b)
Start importing Assets/Script/gerak_Player.cs using Guid(c1588141d4f98c1468f16dab112eb208) Importer(815301076,1909f56bfc062723c751e8b465ee728b)  -> (artifact id: '292be638a70d758fd793e471c0063ea4') in 0.008658 seconds
  Import took 0.025882 seconds .

========================================================================
Received Import Request.
  Time since last request: 44.266634 seconds.
  path: Assets/Script/gerak_Player.cs
  artifactKey: Guid(c1588141d4f98c1468f16dab112eb208) Importer(815301076,1909f56bfc062723c751e8b465ee728b)
Start importing Assets/Script/gerak_Player.cs using Guid(c1588141d4f98c1468f16dab112eb208) Importer(815301076,1909f56bfc062723c751e8b465ee728b)  -> (artifact id: 'a03425a71bc1740c4239a5d4364a8650') in 0.009806 seconds
  Import took 0.027022 seconds .

========================================================================
Received Import Request.
  Time since last request: 23.198445 seconds.
  path: Assets/Script/gerak_Player.cs
  artifactKey: Guid(c1588141d4f98c1468f16dab112eb208) Importer(815301076,1909f56bfc062723c751e8b465ee728b)
Start importing Assets/Script/gerak_Player.cs using Guid(c1588141d4f98c1468f16dab112eb208) Importer(815301076,1909f56bfc062723c751e8b465ee728b)  -> (artifact id: 'f94961f67610175b6cdee9f948e71199') in 0.002654 seconds
  Import took 0.018467 seconds .

========================================================================
Received Import Request.
  Time since last request: 74.048536 seconds.
  path: Assets/Script/gerak_Player.cs
  artifactKey: Guid(c1588141d4f98c1468f16dab112eb208) Importer(815301076,1909f56bfc062723c751e8b465ee728b)
Start importing Assets/Script/gerak_Player.cs using Guid(c1588141d4f98c1468f16dab112eb208) Importer(815301076,1909f56bfc062723c751e8b465ee728b)  -> (artifact id: 'c9450d3358867da2aaadf142ae8812a3') in 0.009581 seconds
  Import took 0.020934 seconds .

========================================================================
Received Import Request.
  Time since last request: 129.915475 seconds.
  path: ProjectSettings/TagManager.asset
  artifactKey: Guid(00000000000000003000000000000000) Importer(815301076,1909f56bfc062723c751e8b465ee728b)
Start importing ProjectSettings/TagManager.asset using Guid(00000000000000003000000000000000) Importer(815301076,1909f56bfc062723c751e8b465ee728b)  -> (artifact id: '7960a73919d8baa12bca0e2fc225c862') in 0.045131 seconds
  Import took 0.068843 seconds .

========================================================================
Received Prepare
Registering precompiled user dll's ...
Registered in 0.000763 seconds.
Begin MonoManager ReloadAssembly
Native extension for WindowsStandalone target not found
Refreshing native plugins compatible for Editor in 0.85 ms, found 0 plugins.
Preloading 0 native plugins for Editor in 0.00 ms.
Mono: successfully reloaded assembly
- Completed reload, in  1.799 seconds
Platform modules already initialized, skipping
Refreshing native plugins compatible for Editor in 0.98 ms, found 0 plugins.
Preloading 0 native plugins for Editor in 0.00 ms.
Unloading 1111 Unused Serialized files (Serialized files now loaded: 0)
System memory in use before: 69.1 MB.
System memory in use after: 69.1 MB.

Unloading 6 unused Assets to reduce memory usage. Loaded Objects now: 1587.
Total: 8.751100 ms (FindLiveObjects: 0.648600 ms CreateObjectMapping: 0.248000 ms MarkObjects: 7.665900 ms  DeleteObjects: 0.179200 ms)

========================================================================
Received Prepare
Registering precompiled user dll's ...
Registered in 0.007951 seconds.
Begin MonoManager ReloadAssembly
Native extension for WindowsStandalone target not found
Refreshing native plugins compatible for Editor in 0.26 ms, found 0 plugins.
Preloading 0 native plugins for Editor in 0.00 ms.
Mono: successfully reloaded assembly
- Completed reload, in  1.985 seconds
Platform modules already initialized, skipping
Refreshing native plugins compatible for Editor in 0.95 ms, found 0 plugins.
Preloading 0 native plugins for Editor in 0.00 ms.
Unloading 1111 Unused Serialized files (Serialized files now loaded: 0)
System memory in use before: 69.1 MB.
System memory in use after: 69.1 MB.

Unloading 5 unused Assets to reduce memory usage. Loaded Objects now: 1590.
Total: 4.321700 ms (FindLiveObjects: 0.261200 ms CreateObjectMapping: 0.066700 ms MarkObjects: 3.844200 ms  DeleteObjects: 0.147900 ms)

